<?xml version="1.0" encoding="UTF-8"?>
<testng-results ignored="0" total="1" passed="1" failed="0" skipped="0">
  <reporter-output>
  </reporter-output>
  <suite started-at="2023-01-17T23:44:58 IST" name="Suite" finished-at="2023-01-17T23:45:12 IST" duration-ms="14206">
    <groups>
    </groups>
    <test started-at="2023-01-17T23:44:58 IST" name="Test" finished-at="2023-01-17T23:45:12 IST" duration-ms="14206">
      <class name="mavenForJenkins.weatherReport">
        <test-method signature="getWeatherreport(java.lang.String)[pri:0, instance:mavenForJenkins.weatherReport@1139b2f3]" started-at="2023-01-17T23:44:58 IST" name="getWeatherreport" finished-at="2023-01-17T23:45:12 IST" duration-ms="14149" status="PASS">
          <params>
            <param index="0">
              <value>
                <![CDATA[chrome]]>
              </value>
            </param>
          </params>
          <reporter-output>
          </reporter-output>
        </test-method> <!-- getWeatherreport -->
      </class> <!-- mavenForJenkins.weatherReport -->
    </test> <!-- Test -->
  </suite> <!-- Suite -->
</testng-results>
