<?xml version="1.0" encoding="UTF-8"?>
<testng-results ignored="0" total="1" passed="1" failed="0" skipped="0">
  <reporter-output>
  </reporter-output>
  <suite started-at="2023-01-17T22:27:48 IST" name="Suite" finished-at="2023-01-17T22:28:01 IST" duration-ms="12470">
    <groups>
    </groups>
    <test started-at="2023-01-17T22:27:48 IST" name="Test" finished-at="2023-01-17T22:28:01 IST" duration-ms="12470">
      <class name="mavenForJenkins.weatherReport">
        <test-method signature="getWeatherreport()[pri:0, instance:mavenForJenkins.weatherReport@1725dc0f]" started-at="2023-01-17T22:27:48 IST" name="getWeatherreport" finished-at="2023-01-17T22:28:01 IST" duration-ms="12439" status="PASS">
          <reporter-output>
          </reporter-output>
        </test-method> <!-- getWeatherreport -->
      </class> <!-- mavenForJenkins.weatherReport -->
    </test> <!-- Test -->
  </suite> <!-- Suite -->
</testng-results>
