<?xml version="1.0" encoding="UTF-8"?>
<testng-results ignored="0" total="1" passed="1" failed="0" skipped="0">
  <reporter-output>
  </reporter-output>
  <suite started-at="2023-01-17T15:39:52 IST" name="Default suite" finished-at="2023-01-17T15:40:05 IST" duration-ms="13285">
    <groups>
    </groups>
    <test started-at="2023-01-17T15:39:52 IST" name="Default test" finished-at="2023-01-17T15:40:05 IST" duration-ms="13285">
      <class name="mavenForJenkins.weatherReport">
        <test-method signature="getWeatherreport()[pri:0, instance:mavenForJenkins.weatherReport@3f197a46]" started-at="2023-01-17T15:39:52 IST" name="getWeatherreport" finished-at="2023-01-17T15:40:05 IST" duration-ms="13248" status="PASS">
          <reporter-output>
          </reporter-output>
        </test-method> <!-- getWeatherreport -->
      </class> <!-- mavenForJenkins.weatherReport -->
    </test> <!-- Default test -->
  </suite> <!-- Default suite -->
</testng-results>
